2021-11-05 14:40:15.207  INFO 11772 --- [restartedMain] c.d.f.FinancasControladasApplication     : Starting FinancasControladasApplication on DESKTOP-7ASE2BD with PID 11772 (C:\Users\ruant\Desktop\Funcionando\controle-financas-api\target\classes started by ruant in C:\Users\ruant\Desktop\Funcionando\controle-financas-api)
2021-11-05 14:40:15.216  INFO 11772 --- [restartedMain] c.d.f.FinancasControladasApplication     : No active profile set, falling back to default profiles: default
2021-11-05 14:40:15.265  INFO 11772 --- [restartedMain] o.s.b.devtools.restart.ChangeableUrls    : The Class-Path manifest attribute in C:\Users\ruant\.m2\repository\org\glassfish\jaxb\jaxb-runtime\2.3.2\jaxb-runtime-2.3.2.jar referenced one or more files that do not exist: file:/C:/Users/ruant/.m2/repository/org/glassfish/jaxb/jaxb-runtime/2.3.2/jakarta.xml.bind-api-2.3.2.jar,file:/C:/Users/ruant/.m2/repository/org/glassfish/jaxb/jaxb-runtime/2.3.2/txw2-2.3.2.jar,file:/C:/Users/ruant/.m2/repository/org/glassfish/jaxb/jaxb-runtime/2.3.2/istack-commons-runtime-3.0.8.jar,file:/C:/Users/ruant/.m2/repository/org/glassfish/jaxb/jaxb-runtime/2.3.2/stax-ex-1.8.1.jar,file:/C:/Users/ruant/.m2/repository/org/glassfish/jaxb/jaxb-runtime/2.3.2/FastInfoset-1.2.16.jar,file:/C:/Users/ruant/.m2/repository/org/glassfish/jaxb/jaxb-runtime/2.3.2/jakarta.activation-api-1.2.1.jar
2021-11-05 14:40:15.265  INFO 11772 --- [restartedMain] .e.DevToolsPropertyDefaultsPostProcessor : Devtools property defaults active! Set 'spring.devtools.add-properties' to 'false' to disable
2021-11-05 14:40:15.265  INFO 11772 --- [restartedMain] .e.DevToolsPropertyDefaultsPostProcessor : For additional web related logging consider setting the 'logging.level.web' property to 'DEBUG'
2021-11-05 14:40:16.196  INFO 11772 --- [restartedMain] .s.d.r.c.RepositoryConfigurationDelegate : Bootstrapping Spring Data JPA repositories in DEFAULT mode.
2021-11-05 14:40:16.268  INFO 11772 --- [restartedMain] .s.d.r.c.RepositoryConfigurationDelegate : Finished Spring Data repository scanning in 64ms. Found 2 JPA repository interfaces.
2021-11-05 14:40:16.603  INFO 11772 --- [restartedMain] trationDelegate$BeanPostProcessorChecker : Bean 'org.springframework.transaction.annotation.ProxyTransactionManagementConfiguration' of type [org.springframework.transaction.annotation.ProxyTransactionManagementConfiguration] is not eligible for getting processed by all BeanPostProcessors (for example: not eligible for auto-proxying)
2021-11-05 14:40:16.906  INFO 11772 --- [restartedMain] o.s.b.w.embedded.tomcat.TomcatWebServer  : Tomcat initialized with port(s): 8080 (http)
2021-11-05 14:40:16.921  INFO 11772 --- [restartedMain] o.apache.catalina.core.StandardService   : Starting service [Tomcat]
2021-11-05 14:40:16.922  INFO 11772 --- [restartedMain] org.apache.catalina.core.StandardEngine  : Starting Servlet engine: [Apache Tomcat/9.0.29]
2021-11-05 14:40:17.016  INFO 11772 --- [restartedMain] o.a.c.c.C.[Tomcat].[localhost].[/]       : Initializing Spring embedded WebApplicationContext
2021-11-05 14:40:17.016  INFO 11772 --- [restartedMain] o.s.web.context.ContextLoader            : Root WebApplicationContext: initialization completed in 1751 ms
2021-11-05 14:40:17.047  WARN 11772 --- [restartedMain] JpaBaseConfiguration$JpaWebConfiguration : spring.jpa.open-in-view is enabled by default. Therefore, database queries may be performed during view rendering. Explicitly configure spring.jpa.open-in-view to disable this warning
2021-11-05 14:40:17.128  INFO 11772 --- [restartedMain] com.zaxxer.hikari.HikariDataSource       : HikariPool-1 - Starting...
2021-11-05 14:40:17.369  INFO 11772 --- [restartedMain] com.zaxxer.hikari.HikariDataSource       : HikariPool-1 - Start completed.
2021-11-05 14:40:17.429  INFO 11772 --- [restartedMain] o.hibernate.jpa.internal.util.LogHelper  : HHH000204: Processing PersistenceUnitInfo [name: default]
2021-11-05 14:40:17.541  INFO 11772 --- [restartedMain] org.hibernate.Version                    : HHH000412: Hibernate Core {5.4.9.Final}
2021-11-05 14:40:17.755  INFO 11772 --- [restartedMain] o.hibernate.annotations.common.Version   : HCANN000001: Hibernate Commons Annotations {5.1.0.Final}
2021-11-05 14:40:17.888  INFO 11772 --- [restartedMain] org.hibernate.dialect.Dialect            : HHH000400: Using dialect: org.hibernate.dialect.PostgreSQL10Dialect
2021-11-05 14:40:18.582  INFO 11772 --- [restartedMain] o.h.e.t.j.p.i.JtaPlatformInitiator       : HHH000490: Using JtaPlatform implementation: [org.hibernate.engine.transaction.jta.platform.internal.NoJtaPlatform]
2021-11-05 14:40:18.590  INFO 11772 --- [restartedMain] j.LocalContainerEntityManagerFactoryBean : Initialized JPA EntityManagerFactory for persistence unit 'default'
2021-11-05 14:40:19.380  INFO 11772 --- [restartedMain] o.s.s.web.DefaultSecurityFilterChain     : Creating filter chain: any request, [org.springframework.security.web.context.request.async.WebAsyncManagerIntegrationFilter@5809b546, org.springframework.security.web.context.SecurityContextPersistenceFilter@91a4c0e, org.springframework.security.web.header.HeaderWriterFilter@1540c4b4, org.springframework.security.web.authentication.logout.LogoutFilter@6ea0a951, com.demo.financascontroladas.api.JwtTokenFilter@454bcd71, org.springframework.security.web.savedrequest.RequestCacheAwareFilter@580a74cf, org.springframework.security.web.servletapi.SecurityContextHolderAwareRequestFilter@4cce060b, org.springframework.security.web.authentication.AnonymousAuthenticationFilter@7b07ebb8, org.springframework.security.web.session.SessionManagementFilter@5912ab31, org.springframework.security.web.access.ExceptionTranslationFilter@962ce59, org.springframework.security.web.access.intercept.FilterSecurityInterceptor@28dfc0d5]
2021-11-05 14:40:19.667  INFO 11772 --- [restartedMain] o.s.b.d.a.OptionalLiveReloadServer       : LiveReload server is running on port 35729
2021-11-05 14:40:19.671  INFO 11772 --- [restartedMain] o.s.b.a.e.web.EndpointLinksResolver      : Exposing 14 endpoint(s) beneath base path '/actuator'
2021-11-05 14:40:19.719  INFO 11772 --- [restartedMain] o.s.b.w.embedded.tomcat.TomcatWebServer  : Tomcat started on port(s): 8080 (http) with context path ''
2021-11-05 14:40:19.722  INFO 11772 --- [restartedMain] c.d.f.FinancasControladasApplication     : Started FinancasControladasApplication in 4.862 seconds (JVM running for 5.383)
2021-11-05 14:47:25.618  INFO 11772 --- [http-nio-8080-exec-1] o.a.c.c.C.[Tomcat].[localhost].[/]       : Initializing Spring DispatcherServlet 'dispatcherServlet'
2021-11-05 14:47:25.619  INFO 11772 --- [http-nio-8080-exec-1] o.s.web.servlet.DispatcherServlet        : Initializing Servlet 'dispatcherServlet'
2021-11-05 14:47:25.626  INFO 11772 --- [http-nio-8080-exec-1] o.s.web.servlet.DispatcherServlet        : Completed initialization in 7 ms
2021-11-05 14:52:42.023  INFO 11772 --- [SpringContextShutdownHook] j.LocalContainerEntityManagerFactoryBean : Closing JPA EntityManagerFactory for persistence unit 'default'
2021-11-05 14:52:42.026  INFO 11772 --- [SpringContextShutdownHook] com.zaxxer.hikari.HikariDataSource       : HikariPool-1 - Shutdown initiated...
2021-11-05 14:52:42.028  INFO 11772 --- [SpringContextShutdownHook] com.zaxxer.hikari.HikariDataSource       : HikariPool-1 - Shutdown completed.
